<?xml version="1.0" encoding="UTF-8"?>
<!-- Generated by org.testng.reporters.JUnitXMLReporter -->
<testsuite hostname="DESKTOP-SM3A9BQ" name="Default test" tests="3" failures="0" timestamp="9 Mar 2017 02:18:00 GMT" time="0.047" errors="0">
  <testcase name="dprovider" time="0.016" classname="com.value.DataProvider"/>
  <testcase name="dprovider" time="0.0" classname="com.value.DataProvider"/>
  <testcase name="dprovider" time="0.0" classname="com.value.DataProvider"/>
</testsuite> <!-- Default test -->
