<?xml version="1.0" encoding="UTF-8"?>
<!-- Generated by org.testng.reporters.JUnitXMLReporter -->
<testsuite hostname="DESKTOP-SM3A9BQ" name="smoke test suite" tests="1" failures="1" timestamp="5 Mar 2017 23:48:22 GMT" time="0.039" errors="0">
  <testcase name="verifyCreateAcc" time="0.013" classname="com.test.S1ignInTesting">
    <failure type="java.lang.NullPointerException">
      <![CDATA[java.lang.NullPointerException
	at com.utility.UtilityClass.Titlesite(UtilityClass.java:223)
	at com.test.S1ignInTesting.verifyCreateAcc(S1ignInTesting.java:18)
... Removed 24 stack frames]]>
    </failure>
  </testcase> <!-- verifyCreateAcc -->
</testsuite> <!-- smoke test suite -->
