<?xml version="1.0" encoding="UTF-8"?>
<!-- Generated by org.testng.reporters.JUnitXMLReporter -->
<testsuite hostname="DESKTOP-SM3A9BQ" name="annotation test" tests="2" failures="2" timestamp="5 Mar 2017 23:52:28 GMT" time="0.051" errors="0">
  <testcase name="verifyCreateAcc" time="0.017" classname="com.test.S1ignInTesting">
    <failure type="java.lang.NullPointerException">
      <![CDATA[java.lang.NullPointerException
	at com.utility.UtilityClass.Titlesite(UtilityClass.java:223)
	at com.test.S1ignInTesting.verifyCreateAcc(S1ignInTesting.java:18)
... Removed 24 stack frames]]>
    </failure>
  </testcase> <!-- verifyCreateAcc -->
  <testcase name="SignInTesting" time="0.004" classname="com.test.S2ignInTets">
    <failure type="java.lang.NullPointerException">
      <![CDATA[java.lang.NullPointerException
	at com.utility.UtilityClass.Bywait(UtilityClass.java:208)
	at com.test.S2ignInTets.SignInTesting(S2ignInTets.java:22)
... Removed 24 stack frames]]>
    </failure>
  </testcase> <!-- SignInTesting -->
</testsuite> <!-- annotation test -->
